Starting MPS on adag030
Starting MPS on adag034
Starting MPS on adag033
Starting MPS on adag032
Starting MPS on adag032
Starting MPS on adag034
Starting MPS on adag033
Starting MPS on adag030
Starting MPS on adag030
Starting MPS on adag034
Starting MPS on adag032
Starting MPS on adag033
Starting MPS on adag030
Starting MPS on adag034
Starting MPS on adag032
Starting MPS on adag033
Starting MPS on adag030
Starting MPS on adag032
Starting MPS on adag033
Starting MPS on adag034
Starting MPS on adag032
Starting MPS on adag030
Starting MPS on adag034
Starting MPS on adag033
Starting MPS on adag030
Starting MPS on adag034
Starting MPS on adag032
Starting MPS on adag033
Starting MPS on adag030
Starting MPS on adag034
Starting MPS on adag032
Starting MPS on adag033
Starting MPS on adag030
Starting MPS on adag032
Starting MPS on adag034
Starting MPS on adag033
Starting MPS on adag030
Starting MPS on adag032
Starting MPS on adag034
Starting MPS on adag033
Starting MPS on adag034
Starting MPS on adag032
Starting MPS on adag033
Starting MPS on adag030
Starting MPS on adag034
Starting MPS on adag030
Starting MPS on adag032
Starting MPS on adag033
Starting MPS on adag032
Starting MPS on adag034
Starting MPS on adag030
Starting MPS on adag033
Starting MPS on adag030
Starting MPS on adag034
Starting MPS on adag032
Starting MPS on adag033
Starting MPS on adag030
Starting MPS on adag034
Starting MPS on adag033
Starting MPS on adag032
Starting MPS on adag030
Starting MPS on adag032
Starting MPS on adag033
Starting MPS on adag034
Starting MPS on adag034
Starting MPS on adag030
Starting MPS on adag033
Starting MPS on adag032
srun: Job step aborted: Waiting up to 62 seconds for job step to finish.
slurmstepd: error: *** JOB 19890 ON adag030 CANCELLED AT 2022-10-09T15:16:24 DUE TO TIME LIMIT ***
slurmstepd: error: *** STEP 19890.16 ON adag030 CANCELLED AT 2022-10-09T15:16:24 DUE TO TIME LIMIT ***
forrtl: error (78): process killed (SIGTERM)
Image              PC                Routine            Line        Source             

Stack trace terminated abnormally.
forrtl: error (78): process killed (SIGTERM)
Image              PC                Routine            Line        Source             

Stack trace terminated abnormally.
forrtl: error (78): process killed (SIGTERM)
Image              PC                Routine            Line        Source             

Stack trace terminated abnormally.
forrtl: error (78): process killed (SIGTERM)
Image              PC                Routine            Line        Source             

Stack trace terminated abnormally.
forrtl: error (78): process killed (SIGTERM)
Image              PC                Routine            Line        Source             

Stack trace terminated abnormally.
forrtl: error (78): process killed (SIGTERM)
Image              PC                Routine            Line        Source             

Stack trace terminated abnormally.
forrtl: error (78): process killed (SIGTERM)
Image              PC                Routine            Line        Source             

Stack trace terminated abnormally.
forrtl: error (78): process killed (SIGTERM)
Image              PC                Routine            Line        Source             

Stack trace terminated abnormally.
[adag032:61541:a:61558] Caught signal 11 (Segmentation fault: address not mapped to object at address 0x1546a1c53390)
[adag032:61543:0:61543] Caught signal 11 (Segmentation fault: invalid permissions for mapped object at address 0x14e080713948)
[adag032:61544:0:61544] Caught signal 11 (Segmentation fault: invalid permissions for mapped object at address 0x14ba949f5948)
[adag032:61542:0:61542] Caught signal 11 (Segmentation fault: invalid permissions for mapped object at address 0x150ed95d3948)
forrtl: error (78): process killed (SIGTERM)
Image              PC                Routine            Line        Source             
aims.x             00000000038CFB1B  Unknown               Unknown  Unknown
libpthread-2.31.s  00001469F4AFE8C0  Unknown               Unknown  Unknown
aims.x             000000000392738C  Unknown               Unknown  Unknown
aims.x             00000000017A1FEF  Unknown               Unknown  Unknown
aims.x             000000000163EFF4  Unknown               Unknown  Unknown
aims.x             0000000000F8F366  Unknown               Unknown  Unknown
aims.x             0000000000F7DEF2  Unknown               Unknown  Unknown
aims.x             0000000000A835A1  Unknown               Unknown  Unknown
aims.x             000000000040F864  Unknown               Unknown  Unknown
aims.x             000000000041192D  Unknown               Unknown  Unknown
aims.x             000000000040F542  Unknown               Unknown  Unknown
forrtl: error (78): process killed (SIGTERM)
Image              PC                Routine            Line        Source             
aims.x             00000000038CFB1B  Unknown               Unknown  Unknown
libpthread-2.31.s  0000152E764F88C0  Unknown               Unknown  Unknown
aims.x             000000000399A533  __intel_avx_rep_m     Unknown  Unknown
aims.x             0000000000F8F121  Unknown               Unknown  Unknown
aims.x             0000000000F7DEF2  Unknown               Unknown  Unknown
aims.x             0000000000A835A1  Unknown               Unknown  Unknown
aims.x             000000000040F864  Unknown               Unknown  Unknown
aims.x             000000000041192D  Unknown               Unknown  Unknown
aims.x             000000000040F542  Unknown               Unknown  Unknown
libc-2.31.so       0000152E75DD72BD  __libc_start_main     Unknown  Unknown
aims.x             000000000040F45A  Unknown               Unknown  Unknown
libc-2.31.so       00001469F43DD2BD  __libc_start_main     Unknown  Unknown
aims.x             000000000040F45A  Unknown               Unknown  Unknown
forrtl: error (78): process killed (SIGTERM)
Image              PC                Routine            Line        Source             
aims.x             00000000038CFB1B  Unknown               Unknown  Unknown
libpthread-2.31.s  0000146CEF10E8C0  Unknown               Unknown  Unknown
aims.x             000000000163EF1F  Unknown               Unknown  Unknown
aims.x             0000000000F8F366  Unknown               Unknown  Unknown
aims.x             0000000000F7DEF2  Unknown               Unknown  Unknown
aims.x             0000000000A835A1  Unknown               Unknown  Unknown
aims.x             000000000040F864  Unknown               Unknown  Unknown
aims.x             000000000041192D  Unknown               Unknown  Unknown
aims.x             000000000040F542  Unknown               Unknown  Unknown
libc-2.31.so       0000146CEE9ED2BD  __libc_start_main     Unknown  Unknown
aims.x             000000000040F45A  Unknown               Unknown  Unknown
forrtl: error (78): process killed (SIGTERM)
Image              PC                Routine            Line        Source             
aims.x             00000000038CFB1B  Unknown               Unknown  Unknown
libpthread-2.31.s  0000149AD5A078C0  Unknown               Unknown  Unknown
aims.x             000000000163EF4D  Unknown               Unknown  Unknown
aims.x             0000000000F8F366  Unknown               Unknown  Unknown
aims.x             0000000000F7DEF2  Unknown               Unknown  Unknown
aims.x             0000000000A835A1  Unknown               Unknown  Unknown
aims.x             000000000040F864  Unknown               Unknown  Unknown
aims.x             000000000041192D  Unknown               Unknown  Unknown
aims.x             000000000040F542  Unknown               Unknown  Unknown
libc-2.31.so       0000149AD52E62BD  __libc_start_main     Unknown  Unknown
aims.x             000000000040F45A  Unknown               Unknown  Unknown
forrtl: error (78): process killed (SIGTERM)
Image              PC                Routine            Line        Source             
aims.x             00000000038CFB1B  Unknown               Unknown  Unknown
libpthread-2.31.s  000014D591DF28C0  Unknown               Unknown  Unknown
aims.x             00000000017A168B  Unknown               Unknown  Unknown
aims.x             000000000163EFF4  Unknown               Unknown  Unknown
aims.x             0000000000F8F366  Unknown               Unknown  Unknown
aims.x             0000000000F7DEF2  Unknown               Unknown  Unknown
aims.x             0000000000A835A1  Unknown               Unknown  Unknown
aims.x             000000000040F864  Unknown               Unknown  Unknown
aims.x             000000000041192D  Unknown               Unknown  Unknown
aims.x             000000000040F542  Unknown               Unknown  Unknown
libc-2.31.so       000014D5916D12BD  __libc_start_main     Unknown  Unknown
aims.x             000000000040F45A  Unknown               Unknown  Unknown
forrtl: error (78): process killed (SIGTERM)
Image              PC                Routine            Line        Source             
aims.x             00000000038CFB1B  Unknown               Unknown  Unknown
libpthread-2.31.s  000014F1197838C0  Unknown               Unknown  Unknown
aims.x             000000000163EDBA  Unknown               Unknown  Unknown
aims.x             0000000000F8F366  Unknown               Unknown  Unknown
aims.x             0000000000F7DEF2  Unknown               Unknown  Unknown
aims.x             0000000000A835A1  Unknown               Unknown  Unknown
aims.x             000000000040F864  Unknown               Unknown  Unknown
aims.x             000000000041192D  Unknown               Unknown  Unknown
aims.x             000000000040F542  Unknown               Unknown  Unknown
libc-2.31.so       000014F1190622BD  __libc_start_main     Unknown  Unknown
aims.x             000000000040F45A  Unknown               Unknown  Unknown
forrtl: error (78): process killed (SIGTERM)
Image              PC                Routine            Line        Source             
aims.x             00000000038CFB1B  Unknown               Unknown  Unknown
libpthread-2.31.s  0000145E78B748C0  Unknown               Unknown  Unknown
libmkl_avx512.so.  0000145DC1058F91  mkl_blas_avx512_d     Unknown  Unknown
forrtl: error (78): process killed (SIGTERM)
Image              PC                Routine            Line        Source             
aims.x             00000000038CFB1B  Unknown               Unknown  Unknown
libpthread-2.31.s  0000152753E3A8C0  Unknown               Unknown  Unknown
aims.x             0000000001D5C1A1  Unknown               Unknown  Unknown
aims.x             00000000017A20E8  Unknown               Unknown  Unknown
aims.x             000000000163EFF4  Unknown               Unknown  Unknown
aims.x             0000000000F8F366  Unknown               Unknown  Unknown
aims.x             0000000000F7DEF2  Unknown               Unknown  Unknown
aims.x             0000000000A835A1  Unknown               Unknown  Unknown
aims.x             000000000040F864  Unknown               Unknown  Unknown
aims.x             000000000041192D  Unknown               Unknown  Unknown
aims.x             000000000040F542  Unknown               Unknown  Unknown
libc-2.31.so       00001527537192BD  __libc_start_main     Unknown  Unknown
aims.x             000000000040F45A  Unknown               Unknown  Unknown
